<?xml version="1.0" encoding="UTF-8"?>
<!-- Generated by org.testng.reporters.JUnitReportReporter -->
<testsuite hostname="DESKTOP-RCKJI8B" failures="0" tests="10" name="hw1.SubTests" time="0.012" errors="0" timestamp="2021-03-27T15:54:55 MSK" skipped="0">
  <testcase classname="hw1.SubTests" name="subTestLong" time="0.000"/>
  <system-out/>
  <testcase classname="hw1.SubTests" name="subTestDouble" time="0.001"/>
  <system-out/>
  <testcase classname="hw1.SubTests" name="subTestLong" time="0.000"/>
  <system-out/>
  <testcase classname="hw1.SubTests" name="subTestDouble" time="0.001"/>
  <system-out/>
  <testcase classname="hw1.SubTests" name="subTestDouble" time="0.001"/>
  <system-out/>
  <testcase classname="hw1.SubTests" name="subTestDouble" time="0.000"/>
  <system-out/>
  <testcase classname="hw1.SubTests" name="subTestDouble" time="0.001"/>
  <system-out/>
  <testcase classname="hw1.SubTests" name="subTestLong" time="0.007"/>
  <system-out/>
  <testcase classname="hw1.SubTests" name="subTestLong" time="0.001"/>
  <system-out/>
  <testcase classname="hw1.SubTests" name="subTestLong" time="0.000"/>
  <system-out/>
</testsuite> <!-- hw1.SubTests -->
