<?xml version="1.0" encoding="UTF-8"?>
<!-- Generated by org.testng.reporters.JUnitReportReporter -->
<testsuite hostname="DESKTOP-RCKJI8B" failures="0" tests="10" name="hw1.SumTests" time="0.011" errors="0" timestamp="2021-03-27T15:54:55 MSK" skipped="0">
  <testcase classname="hw1.SumTests" name="sumTestDouble" time="0.005"/>
  <system-out/>
  <testcase classname="hw1.SumTests" name="sumTestLong" time="0.000"/>
  <system-out/>
  <testcase classname="hw1.SumTests" name="sumTestDouble" time="0.000"/>
  <system-out/>
  <testcase classname="hw1.SumTests" name="sumTestLong" time="0.001"/>
  <system-out/>
  <testcase classname="hw1.SumTests" name="sumTestLong" time="0.001"/>
  <system-out/>
  <testcase classname="hw1.SumTests" name="sumTestDouble" time="0.002"/>
  <system-out/>
  <testcase classname="hw1.SumTests" name="sumTestDouble" time="0.001"/>
  <system-out/>
  <testcase classname="hw1.SumTests" name="sumTestLong" time="0.000"/>
  <system-out/>
  <testcase classname="hw1.SumTests" name="sumTestLong" time="0.001"/>
  <system-out/>
  <testcase classname="hw1.SumTests" name="sumTestDouble" time="0.000"/>
  <system-out/>
</testsuite> <!-- hw1.SumTests -->
