<?xml version="1.0" encoding="UTF-8"?>
<!-- Generated by org.testng.reporters.JUnitReportReporter -->
<testsuite hostname="DESKTOP-RCKJI8B" failures="0" tests="11" name="hw1.DivTests" time="0.004" errors="0" timestamp="2021-03-27T15:54:55 MSK" skipped="0">
  <testcase classname="hw1.DivTests" name="divTestLong" time="0.000"/>
  <system-out/>
  <testcase classname="hw1.DivTests" name="divTestLong" time="0.001"/>
  <system-out/>
  <testcase classname="hw1.DivTests" name="divTestDouble" time="0.000"/>
  <system-out/>
  <testcase classname="hw1.DivTests" name="divTestDouble" time="0.000"/>
  <system-out/>
  <testcase classname="hw1.DivTests" name="divTestLong" time="0.001"/>
  <system-out/>
  <testcase classname="hw1.DivTests" name="divTestDouble" time="0.000"/>
  <system-out/>
  <testcase classname="hw1.DivTests" name="divTestLong" time="0.001"/>
  <system-out/>
  <testcase classname="hw1.DivTests" name="divTestDouble" time="0.000"/>
  <system-out/>
  <testcase classname="hw1.DivTests" name="divTestDouble" time="0.000"/>
  <system-out/>
  <testcase classname="hw1.DivTests" name="divTestDouble" time="0.001"/>
  <system-out/>
  <testcase classname="hw1.DivTests" name="divTestLong" time="0.000"/>
  <system-out/>
</testsuite> <!-- hw1.DivTests -->
